<?xml version="1.0" encoding="UTF-8"?>
<testsuite xmlns:xsi="http://www.w3.org/2001/XMLSchema-instance" xsi:noNamespaceSchemaLocation="https://maven.apache.org/surefire/maven-surefire-plugin/xsd/surefire-test-report.xsd" name="org.apache.jcs.JCSLightLoadUnitTest" time="0.114" tests="1" errors="1" skipped="0" failures="0">
  <properties>
    <property name="java.specification.version" value="13"/>
    <property name="sun.jnu.encoding" value="UTF-8"/>
    <property name="java.class.path" value="/Users/Valerio/eclipse-workspace/ProvaJCSLightLoadUnitTest/prova-JCS/target/test-classes:/Users/Valerio/eclipse-workspace/ProvaJCSLightLoadUnitTest/prova-JCS/target/classes:/Users/Valerio/.m2/repository/junit/junit/4.11/junit-4.11.jar:/Users/Valerio/.m2/repository/org/hamcrest/hamcrest-core/1.3/hamcrest-core-1.3.jar:/Users/Valerio/.m2/repository/org/apache/jcs/jcs/1.3/jcs-1.3.jar:/Users/Valerio/.m2/repository/commons-logging/commons-logging/1.1/commons-logging-1.1.jar:/Users/Valerio/.m2/repository/log4j/log4j/1.2.12/log4j-1.2.12.jar:/Users/Valerio/.m2/repository/logkit/logkit/1.0.1/logkit-1.0.1.jar:/Users/Valerio/.m2/repository/avalon-framework/avalon-framework/4.1.3/avalon-framework-4.1.3.jar:/Users/Valerio/.m2/repository/javax/servlet/servlet-api/2.3/servlet-api-2.3.jar:/Users/Valerio/.m2/repository/concurrent/concurrent/1.0/concurrent-1.0.jar:"/>
    <property name="java.vm.vendor" value="Oracle Corporation"/>
    <property name="sun.arch.data.model" value="64"/>
    <property name="java.vendor.url" value="https://java.oracle.com/"/>
    <property name="os.name" value="Mac OS X"/>
    <property name="java.vm.specification.version" value="13"/>
    <property name="sun.java.launcher" value="SUN_STANDARD"/>
    <property name="user.country" value="IT"/>
    <property name="sun.boot.library.path" value="/Library/Java/JavaVirtualMachines/openjdk-13.jdk/Contents/Home/lib"/>
    <property name="sun.java.command" value="/Users/Valerio/eclipse-workspace/ProvaJCSLightLoadUnitTest/prova-JCS/target/surefire/surefirebooter4362401930356440455.jar /Users/Valerio/eclipse-workspace/ProvaJCSLightLoadUnitTest/prova-JCS/target/surefire 2021-05-08T10-39-59_535-jvmRun1 surefire14864600614386528668tmp surefire_03105195520090217933tmp"/>
    <property name="jdk.debug" value="release"/>
    <property name="surefire.test.class.path" value="/Users/Valerio/eclipse-workspace/ProvaJCSLightLoadUnitTest/prova-JCS/target/test-classes:/Users/Valerio/eclipse-workspace/ProvaJCSLightLoadUnitTest/prova-JCS/target/classes:/Users/Valerio/.m2/repository/junit/junit/4.11/junit-4.11.jar:/Users/Valerio/.m2/repository/org/hamcrest/hamcrest-core/1.3/hamcrest-core-1.3.jar:/Users/Valerio/.m2/repository/org/apache/jcs/jcs/1.3/jcs-1.3.jar:/Users/Valerio/.m2/repository/commons-logging/commons-logging/1.1/commons-logging-1.1.jar:/Users/Valerio/.m2/repository/log4j/log4j/1.2.12/log4j-1.2.12.jar:/Users/Valerio/.m2/repository/logkit/logkit/1.0.1/logkit-1.0.1.jar:/Users/Valerio/.m2/repository/avalon-framework/avalon-framework/4.1.3/avalon-framework-4.1.3.jar:/Users/Valerio/.m2/repository/javax/servlet/servlet-api/2.3/servlet-api-2.3.jar:/Users/Valerio/.m2/repository/concurrent/concurrent/1.0/concurrent-1.0.jar:"/>
    <property name="sun.cpu.endian" value="little"/>
    <property name="user.home" value="/Users/Valerio"/>
    <property name="user.language" value="it"/>
    <property name="java.specification.vendor" value="Oracle Corporation"/>
    <property name="java.version.date" value="2019-09-17"/>
    <property name="java.home" value="/Library/Java/JavaVirtualMachines/openjdk-13.jdk/Contents/Home"/>
    <property name="file.separator" value="/"/>
    <property name="basedir" value="/Users/Valerio/eclipse-workspace/ProvaJCSLightLoadUnitTest/prova-JCS"/>
    <property name="java.vm.compressedOopsMode" value="Zero based"/>
    <property name="line.separator" value="&#10;"/>
    <property name="java.vm.specification.vendor" value="Oracle Corporation"/>
    <property name="java.specification.name" value="Java Platform API Specification"/>
    <property name="surefire.real.class.path" value="/Users/Valerio/eclipse-workspace/ProvaJCSLightLoadUnitTest/prova-JCS/target/surefire/surefirebooter4362401930356440455.jar"/>
    <property name="sun.management.compiler" value="HotSpot 64-Bit Tiered Compilers"/>
    <property name="java.runtime.version" value="13+33"/>
    <property name="user.name" value="Valerio"/>
    <property name="path.separator" value=":"/>
    <property name="os.version" value="10.15.7"/>
    <property name="java.runtime.name" value="OpenJDK Runtime Environment"/>
    <property name="file.encoding" value="UTF-8"/>
    <property name="java.vm.name" value="OpenJDK 64-Bit Server VM"/>
    <property name="localRepository" value="/Users/Valerio/.m2/repository"/>
    <property name="java.vendor.url.bug" value="https://bugreport.java.com/bugreport/"/>
    <property name="java.io.tmpdir" value="/var/folders/93/ggtqcq112x9bxbzdb8560fh40000gn/T/"/>
    <property name="java.version" value="13"/>
    <property name="user.dir" value="/Users/Valerio/eclipse-workspace/ProvaJCSLightLoadUnitTest/prova-JCS"/>
    <property name="os.arch" value="x86_64"/>
    <property name="java.vm.specification.name" value="Java Virtual Machine Specification"/>
    <property name="java.library.path" value="/Users/Valerio/Library/Java/Extensions:/Library/Java/Extensions:/Network/Library/Java/Extensions:/System/Library/Java/Extensions:/usr/lib/java:."/>
    <property name="java.vm.info" value="mixed mode, sharing"/>
    <property name="java.vendor" value="Oracle Corporation"/>
    <property name="java.vm.version" value="13+33"/>
    <property name="sun.io.unicode.encoding" value="UnicodeBig"/>
    <property name="java.class.version" value="57.0"/>
  </properties>
  <testcase name="testSimpleLoad" classname="org.apache.jcs.JCSLightLoadUnitTest" time="0.083">
    <error message="Failed to load properties for name [/TestSimpleLoad.ccf]" type="java.lang.IllegalStateException">java.lang.IllegalStateException: Failed to load properties for name [/TestSimpleLoad.ccf]
	at org.apache.jcs.JCSLightLoadUnitTest.setUp(JCSLightLoadUnitTest.java:45)
</error>
    <system-err><![CDATA[log4j:WARN No appenders could be found for logger (org.apache.jcs.engine.control.CompositeCacheManager).
log4j:WARN Please initialize the log4j system properly.
]]></system-err>
  </testcase>
</testsuite>